-------------------------------------------------------------------------------
>Log Session: Wednesday, April 7, 2021 5:23:45 AM CEST
>System Info: 
  Product Version         = Apache NetBeans Platform Dev (Build 11.2-d04fb24027334c4b6fd8397b5d0cdd33187a8f54)
  Operating System        = Linux version 5.8.0-48-generic running on amd64
  Java; VM; Vendor        = 1.8.0_282; OpenJDK 64-Bit Server VM 25.282-b08; Private Build
  Runtime                 = OpenJDK Runtime Environment 1.8.0_282-8u282-b08-0ubuntu1~20.04-b08
  Java Home               = /usr/lib/jvm/java-8-openjdk-amd64/jre
  System Locale; Encoding = da_DK (asteroidsnetbeansmodules); UTF-8
  Home Directory          = /home/matti
  Current Directory       = /home/matti/Software/4. semester/Komponentbaseret/NetBeansLab1/SB4-KOM-F20/AsteroidsNetbeansModules1/application
  User Directory          = /home/matti/Software/4. semester/Komponentbaseret/NetBeansLab1/SB4-KOM-F20/AsteroidsNetbeansModules1/application/target/userdir
  Cache Directory         = /home/matti/Software/4. semester/Komponentbaseret/NetBeansLab1/SB4-KOM-F20/AsteroidsNetbeansModules1/application/target/userdir/var/cache
  Installation            = /home/matti/Software/4. semester/Komponentbaseret/NetBeansLab1/SB4-KOM-F20/AsteroidsNetbeansModules1/application/target/asteroidsnetbeansmodules/etc
                            /home/matti/Software/4. semester/Komponentbaseret/NetBeansLab1/SB4-KOM-F20/AsteroidsNetbeansModules1/application/target/asteroidsnetbeansmodules/asteroidsnetbeansmodules
                            /home/matti/Software/4. semester/Komponentbaseret/NetBeansLab1/SB4-KOM-F20/AsteroidsNetbeansModules1/application/target/asteroidsnetbeansmodules/platform
                            /home/matti/Software/4. semester/Komponentbaseret/NetBeansLab1/SB4-KOM-F20/AsteroidsNetbeansModules1/application/target/asteroidsnetbeansmodules/bin
                            /home/matti/Software/4. semester/Komponentbaseret/NetBeansLab1/SB4-KOM-F20/AsteroidsNetbeansModules1/application/target/asteroidsnetbeansmodules/platform
  Boot & Ext. Classpath   = /usr/lib/jvm/java-8-openjdk-amd64/jre/lib/resources.jar:/usr/lib/jvm/java-8-openjdk-amd64/jre/lib/rt.jar:/usr/lib/jvm/java-8-openjdk-amd64/jre/lib/sunrsasign.jar:/usr/lib/jvm/java-8-openjdk-amd64/jre/lib/jsse.jar:/usr/lib/jvm/java-8-openjdk-amd64/jre/lib/jce.jar:/usr/lib/jvm/java-8-openjdk-amd64/jre/lib/charsets.jar:/usr/lib/jvm/java-8-openjdk-amd64/jre/lib/jfr.jar:/usr/lib/jvm/java-8-openjdk-amd64/jre/classes:/usr/lib/jvm/java-8-openjdk-amd64/jre/lib/ext/zipfs.jar:/usr/lib/jvm/java-8-openjdk-amd64/jre/lib/ext/jaccess.jar:/usr/lib/jvm/java-8-openjdk-amd64/jre/lib/ext/cldrdata.jar:/usr/lib/jvm/java-8-openjdk-amd64/jre/lib/ext/icedtea-sound.jar:/usr/lib/jvm/java-8-openjdk-amd64/jre/lib/ext/localedata.jar:/usr/lib/jvm/java-8-openjdk-amd64/jre/lib/ext/sunjce_provider.jar:/usr/lib/jvm/java-8-openjdk-amd64/jre/lib/ext/nashorn.jar:/usr/lib/jvm/java-8-openjdk-amd64/jre/lib/ext/java-atk-wrapper.jar:/usr/lib/jvm/java-8-openjdk-amd64/jre/lib/ext/sunec.jar:/usr/lib/jvm/java-8-openjdk-amd64/jre/lib/ext/dnsns.jar:/usr/lib/jvm/java-8-openjdk-amd64/jre/lib/ext/sunpkcs11.jar
  Application Classpath   = /home/matti/Software/4. semester/Komponentbaseret/NetBeansLab1/SB4-KOM-F20/AsteroidsNetbeansModules1/application/target/asteroidsnetbeansmodules/platform/lib/boot.jar:/home/matti/Software/4. semester/Komponentbaseret/NetBeansLab1/SB4-KOM-F20/AsteroidsNetbeansModules1/application/target/asteroidsnetbeansmodules/platform/lib/org-openide-modules.jar:/home/matti/Software/4. semester/Komponentbaseret/NetBeansLab1/SB4-KOM-F20/AsteroidsNetbeansModules1/application/target/asteroidsnetbeansmodules/platform/lib/org-openide-util.jar:/home/matti/Software/4. semester/Komponentbaseret/NetBeansLab1/SB4-KOM-F20/AsteroidsNetbeansModules1/application/target/asteroidsnetbeansmodules/platform/lib/org-openide-util-lookup.jar:/home/matti/Software/4. semester/Komponentbaseret/NetBeansLab1/SB4-KOM-F20/AsteroidsNetbeansModules1/application/target/asteroidsnetbeansmodules/platform/lib/org-openide-util-ui.jar:/usr/lib/jvm/java-8-openjdk-amd64/lib/dt.jar:/usr/lib/jvm/java-8-openjdk-amd64/lib/tools.jar
  Startup Classpath       = /home/matti/Software/4. semester/Komponentbaseret/NetBeansLab1/SB4-KOM-F20/AsteroidsNetbeansModules1/application/target/asteroidsnetbeansmodules/platform/core/org-netbeans-libs-asm.jar:/home/matti/Software/4. semester/Komponentbaseret/NetBeansLab1/SB4-KOM-F20/AsteroidsNetbeansModules1/application/target/asteroidsnetbeansmodules/platform/core/core-base.jar:/home/matti/Software/4. semester/Komponentbaseret/NetBeansLab1/SB4-KOM-F20/AsteroidsNetbeansModules1/application/target/asteroidsnetbeansmodules/platform/core/core.jar:/home/matti/Software/4. semester/Komponentbaseret/NetBeansLab1/SB4-KOM-F20/AsteroidsNetbeansModules1/application/target/asteroidsnetbeansmodules/platform/core/org-openide-filesystems.jar:/home/matti/Software/4. semester/Komponentbaseret/NetBeansLab1/SB4-KOM-F20/AsteroidsNetbeansModules1/application/target/asteroidsnetbeansmodules/platform/core/asm-all-5.0.1.jar
-------------------------------------------------------------------------------
INFO [org.netbeans.core.startup.NbEvents]: Turning on modules:
	org.openide.util.lookup [8.39 11.2-d04fb24027334c4b6fd8397b5d0cdd33187a8f54]
	org.openide.util [9.13 11.2-d04fb24027334c4b6fd8397b5d0cdd33187a8f54]
	org.openide.util.ui [9.14 11.2-d04fb24027334c4b6fd8397b5d0cdd33187a8f54]
	org.openide.modules [7.54 11.2-d04fb24027334c4b6fd8397b5d0cdd33187a8f54]
	org.openide.filesystems [9.16 11.2-d04fb24027334c4b6fd8397b5d0cdd33187a8f54]
	org.netbeans.libs.asm [5.9 11.2-d04fb24027334c4b6fd8397b5d0cdd33187a8f54]
	org.netbeans.bootstrap/1 [2.84 11.2-d04fb24027334c4b6fd8397b5d0cdd33187a8f54]
	org.netbeans.core.startup.base [1.68.0.1 1 11.2-d04fb24027334c4b6fd8397b5d0cdd33187a8f54]
	org.netbeans.core.startup/1 [1.68.0.1 11.2-d04fb24027334c4b6fd8397b5d0cdd33187a8f54]
	org.netbeans.libs.osgi [1.28 11.2-d04fb24027334c4b6fd8397b5d0cdd33187a8f54]
	org.netbeans.core.netigso [1.37 11.2-d04fb24027334c4b6fd8397b5d0cdd33187a8f54]
	org.netbeans.modules.netbinox [1.47 11.2-d04fb24027334c4b6fd8397b5d0cdd33187a8f54]
	org.netbeans.api.annotations.common/1 [1.33 11.2-d04fb24027334c4b6fd8397b5d0cdd33187a8f54]
	dk.sdu.mmmi.cbse.Common [1.0 1.0-20210407 202104070126]
	dk.sdu.mmmi.cbse.CommonBullet [1.0 1.0-20210406 202104062015]
	dk.sdu.mmmi.cbse.Player [1.0 1.0-20210406 202104062015]
	dk.sdu.mmmi.cbse.CommonEnemy [1.0 1.0-20210406 202104062015]
	dk.sdu.mmmi.cbse.Enemy [1.0 1.0-20210406 202104062015]
	dk.sdu.mmmi.cbse.Core [1.0 1.0-20210406 202104062015]
	dk.sdu.mmmi.cbse.CommonAsteroids [1.0 1.0-20210407 202104070126]
	dk.sdu.mmmi.cbse.Collision [1.0 1.0-20210406 202104062015]
	dk.sdu.mmmi.cbse.Bullet [1.0 1.0-20210406 202104062015]
	dk.sdu.mmmi.cbse.BigAsteroid [1.0 1.0-20210407 202104070126]
	dk.sdu.mmmi.cbse.Asteroid [1.0 1.0-20210406 202104062015]
